Arguments: 
  C:\Program Files\nodejs\node.exe C:\Users\jlmar\AppData\Roaming\npm\node_modules\yarn\bin\yarn.js init

PATH: 
  C:\Program Files\Common Files\Oracle\Java\javapath;C:\Program Files (x86)\Common Files\Oracle\Java\javapath;C:\Windows\system32;C:\Windows;C:\Windows\System32\Wbem;C:\Windows\System32\WindowsPowerShell\v1.0\;C:\Windows\System32\OpenSSH\;C:\Program Files\Microsoft SQL Server\130\Tools\Binn\;C:\Program Files\dotnet\;C:\Program Files\Java\jdk1.8.0_301\bin;C:\Program Files\nodejs\;C:\Program Files\Git\cmd;C:\php;C:\ProgramData\ComposerSetup\bin;C:\Program Files\Docker\Docker\resources\bin;C:\Program Files\Java\jdk1.8.0_301\bin;C:\Users\jlmar\AppData\Local\Microsoft\WindowsApps;C:\Users\jlmar\Documents\Algos\algs4.jar;C:\Users\jlmar\.dotnet\tools;C:\Users\jlmar\AppData\Local\atom\bin;C:\Users\jlmar\AppData\Local\atom\app-1.58.0;C:\Program Files (x86)\GitHub CLI\;C:\Program Files\Java\jdk-16.0.1\bin;C:\Users\jlmar\AppData\Local\Android\Sdk\platform-tools;C:\Program Files\JetBrains\IntelliJ IDEA Community Edition 2022.3.1\bin;;C:\Users\jlmar\AppData\Local\Programs\Microsoft VS Code\bin;C:\Program Files\heroku\bin;C:\Program Files\apache-maven-3.8.4\bin;C:\Program Files\Java\jdk-17.0.2\bin;C:\Users\jlmar\AppData\Roaming\npm;C:\Program Files\JetBrains\IntelliJ IDEA 2022.3.1\bin;;C:\Users\jlmar\AppData\Roaming\Composer\vendor\bin

Yarn version: 
  1.22.19

Node version: 
  16.16.0

Platform: 
  win32 x64

Trace: 
  Error: canceled
      at Interface.<anonymous> (C:\Users\jlmar\AppData\Roaming\npm\node_modules\yarn\lib\cli.js:137150:13)
      at Interface.emit (node:events:527:28)
      at Interface._ttyWrite (node:readline:1081:16)
      at ReadStream.onkeypress (node:readline:288:10)
      at ReadStream.emit (node:events:527:28)
      at emitKeys (node:internal/readline/utils:358:14)
      at emitKeys.next (<anonymous>)
      at ReadStream.onData (node:internal/readline/emitKeypressEvents:61:36)
      at ReadStream.emit (node:events:527:28)
      at addChunk (node:internal/streams/readable:315:12)

npm manifest: 
  No manifest

yarn manifest: 
  No manifest

Lockfile: 
  No lockfile
